2023-04-14 23:26:59 URL:http://ftpmaster.internal/ubuntu/dists/lunar/InRelease [266547/266547] -> "/build/chroot/var/lib/apt/lists/partial/ftpmaster.internal_ubuntu_dists_lunar_InRelease" [1]
gpgv: Signature made Fri Apr 14 22:56:40 2023 UTC
gpgv:                using RSA key 871920D1991BC93C
gpgv: Good signature from "Ubuntu Archive Automatic Signing Key (2018) <ftpmaster@ubuntu.com>"
2023-04-14 23:27:00 URL:http://ftpmaster.internal/ubuntu/dists/lunar/main/binary-amd64/by-hash/SHA256/daffa588be5cbdcf3fe736a91722cb3ace4b0727b63a69a93a70f97baaeef74e [1395644/1395644] -> "/build/chroot/var/lib/apt/lists/partial/ftpmaster.internal_ubuntu_dists_lunar_main_binary-amd64_Packages.xz" [1]
2023-04-14 23:27:00 URL:http://ftpmaster.internal/ubuntu/dists/lunar/restricted/binary-amd64/by-hash/SHA256/1f77321e98ac8154a5d5b4f313fe2cc6958d0c3ade9f7546e3db2baf498908d2 [142872/142872] -> "/build/chroot/var/lib/apt/lists/partial/ftpmaster.internal_ubuntu_dists_lunar_restricted_binary-amd64_Packages.xz" [1]
2023-04-14 23:27:01 URL:http://ftpmaster.internal/ubuntu/pool/main/a/apt/apt_2.6.0_amd64.deb [1386424/1386424] -> "/build/chroot//var/cache/apt/archives/partial/apt_2.6.0_amd64.deb" [1]
2023-04-14 23:27:01 URL:http://ftpmaster.internal/ubuntu/pool/main/b/base-files/base-files_12.3ubuntu2_amd64.deb [75986/75986] -> "/build/chroot//var/cache/apt/archives/partial/base-files_12.3ubuntu2_amd64.deb" [1]
2023-04-14 23:27:01 URL:http://ftpmaster.internal/ubuntu/pool/main/b/base-passwd/base-passwd_3.6.1_amd64.deb [49888/49888] -> "/build/chroot//var/cache/apt/archives/partial/base-passwd_3.6.1_amd64.deb" [1]
2023-04-14 23:27:01 URL:http://ftpmaster.internal/ubuntu/pool/main/b/bash/bash_5.2.15-2ubuntu1_amd64.deb [794666/794666] -> "/build/chroot//var/cache/apt/archives/partial/bash_5.2.15-2ubuntu1_amd64.deb" [1]
2023-04-14 23:27:01 URL:http://ftpmaster.internal/ubuntu/pool/main/u/util-linux/bsdutils_2.38.1-4ubuntu1_amd64.deb [83578/83578] -> "/build/chroot//var/cache/apt/archives/partial/bsdutils_1%3a2.38.1-4ubuntu1_amd64.deb" [1]
2023-04-14 23:27:01 URL:http://ftpmaster.internal/ubuntu/pool/main/c/coreutils/coreutils_9.1-1ubuntu2_amd64.deb [1407026/1407026] -> "/build/chroot//var/cache/apt/archives/partial/coreutils_9.1-1ubuntu2_amd64.deb" [1]
2023-04-14 23:27:01 URL:http://ftpmaster.internal/ubuntu/pool/main/d/dash/dash_0.5.12-2ubuntu1_amd64.deb [88166/88166] -> "/build/chroot//var/cache/apt/archives/partial/dash_0.5.12-2ubuntu1_amd64.deb" [1]
2023-04-14 23:27:01 URL:http://ftpmaster.internal/ubuntu/pool/main/d/debconf/debconf_1.5.82_all.deb [125328/125328] -> "/build/chroot//var/cache/apt/archives/partial/debconf_1.5.82_all.deb" [1]
2023-04-14 23:27:01 URL:http://ftpmaster.internal/ubuntu/pool/main/d/debianutils/debianutils_5.7-0.4_amd64.deb [102992/102992] -> "/build/chroot//var/cache/apt/archives/partial/debianutils_5.7-0.4_amd64.deb" [1]
2023-04-14 23:27:01 URL:http://ftpmaster.internal/ubuntu/pool/main/d/diffutils/diffutils_3.8-4_amd64.deb [176134/176134] -> "/build/chroot//var/cache/apt/archives/partial/diffutils_1%3a3.8-4_amd64.deb" [1]
2023-04-14 23:27:01 URL:http://ftpmaster.internal/ubuntu/pool/main/d/dpkg/dpkg_1.21.21ubuntu1_amd64.deb [1393926/1393926] -> "/build/chroot//var/cache/apt/archives/partial/dpkg_1.21.21ubuntu1_amd64.deb" [1]
2023-04-14 23:27:01 URL:http://ftpmaster.internal/ubuntu/pool/main/e/e2fsprogs/e2fsprogs_1.47.0-1ubuntu1_amd64.deb [597768/597768] -> "/build/chroot//var/cache/apt/archives/partial/e2fsprogs_1.47.0-1ubuntu1_amd64.deb" [1]
2023-04-14 23:27:01 URL:http://ftpmaster.internal/ubuntu/pool/main/f/findutils/findutils_4.9.0-3ubuntu1_amd64.deb [294358/294358] -> "/build/chroot//var/cache/apt/archives/partial/findutils_4.9.0-3ubuntu1_amd64.deb" [1]
2023-04-14 23:27:01 URL:http://ftpmaster.internal/ubuntu/pool/main/g/gcc-13/gcc-13-base_13-20230320-1ubuntu1_amd64.deb [40710/40710] -> "/build/chroot//var/cache/apt/archives/partial/gcc-13-base_13-20230320-1ubuntu1_amd64.deb" [1]
2023-04-14 23:27:01 URL:http://ftpmaster.internal/ubuntu/pool/main/g/gnupg2/gpgv_2.2.40-1.1ubuntu1_amd64.deb [139852/139852] -> "/build/chroot//var/cache/apt/archives/partial/gpgv_2.2.40-1.1ubuntu1_amd64.deb" [1]
2023-04-14 23:27:01 URL:http://ftpmaster.internal/ubuntu/pool/main/g/grep/grep_3.8-5_amd64.deb [159562/159562] -> "/build/chroot//var/cache/apt/archives/partial/grep_3.8-5_amd64.deb" [1]
2023-04-14 23:27:01 URL:http://ftpmaster.internal/ubuntu/pool/main/g/gzip/gzip_1.12-1ubuntu1_amd64.deb [98422/98422] -> "/build/chroot//var/cache/apt/archives/partial/gzip_1.12-1ubuntu1_amd64.deb" [1]
2023-04-14 23:27:01 URL:http://ftpmaster.internal/ubuntu/pool/main/h/hostname/hostname_3.23+nmu1ubuntu1_amd64.deb [10968/10968] -> "/build/chroot//var/cache/apt/archives/partial/hostname_3.23+nmu1ubuntu1_amd64.deb" [1]
2023-04-14 23:27:01 URL:http://ftpmaster.internal/ubuntu/pool/main/i/init-system-helpers/init-system-helpers_1.65.2_all.deb [38060/38060] -> "/build/chroot//var/cache/apt/archives/partial/init-system-helpers_1.65.2_all.deb" [1]
2023-04-14 23:27:01 URL:http://ftpmaster.internal/ubuntu/pool/main/a/acl/libacl1_2.3.1-3_amd64.deb [16416/16416] -> "/build/chroot//var/cache/apt/archives/partial/libacl1_2.3.1-3_amd64.deb" [1]
2023-04-14 23:27:01 URL:http://ftpmaster.internal/ubuntu/pool/main/a/apt/libapt-pkg6.0_2.6.0_amd64.deb [919340/919340] -> "/build/chroot//var/cache/apt/archives/partial/libapt-pkg6.0_2.6.0_amd64.deb" [1]
2023-04-14 23:27:01 URL:http://ftpmaster.internal/ubuntu/pool/main/a/attr/libattr1_2.5.1-4_amd64.deb [12400/12400] -> "/build/chroot//var/cache/apt/archives/partial/libattr1_1%3a2.5.1-4_amd64.deb" [1]
2023-04-14 23:27:01 URL:http://ftpmaster.internal/ubuntu/pool/main/a/audit/libaudit-common_3.0.9-1_all.deb [5142/5142] -> "/build/chroot//var/cache/apt/archives/partial/libaudit-common_1%3a3.0.9-1_all.deb" [1]
2023-04-14 23:27:01 URL:http://ftpmaster.internal/ubuntu/pool/main/a/audit/libaudit1_3.0.9-1_amd64.deb [46020/46020] -> "/build/chroot//var/cache/apt/archives/partial/libaudit1_1%3a3.0.9-1_amd64.deb" [1]
2023-04-14 23:27:01 URL:http://ftpmaster.internal/ubuntu/pool/main/u/util-linux/libblkid1_2.38.1-4ubuntu1_amd64.deb [102642/102642] -> "/build/chroot//var/cache/apt/archives/partial/libblkid1_2.38.1-4ubuntu1_amd64.deb" [1]
2023-04-14 23:27:01 URL:http://ftpmaster.internal/ubuntu/pool/main/b/bzip2/libbz2-1.0_1.0.8-5build1_amd64.deb [34446/34446] -> "/build/chroot//var/cache/apt/archives/partial/libbz2-1.0_1.0.8-5build1_amd64.deb" [1]
2023-04-14 23:27:01 URL:http://ftpmaster.internal/ubuntu/pool/main/g/glibc/libc-bin_2.37-0ubuntu2_amd64.deb [669304/669304] -> "/build/chroot//var/cache/apt/archives/partial/libc-bin_2.37-0ubuntu2_amd64.deb" [1]
2023-04-14 23:27:01 URL:http://ftpmaster.internal/ubuntu/pool/main/g/glibc/libc6_2.37-0ubuntu2_amd64.deb [3178894/3178894] -> "/build/chroot//var/cache/apt/archives/partial/libc6_2.37-0ubuntu2_amd64.deb" [1]
2023-04-14 23:27:01 URL:http://ftpmaster.internal/ubuntu/pool/main/libc/libcap-ng/libcap-ng0_0.8.3-1build2_amd64.deb [15298/15298] -> "/build/chroot//var/cache/apt/archives/partial/libcap-ng0_0.8.3-1build2_amd64.deb" [1]
2023-04-14 23:27:01 URL:http://ftpmaster.internal/ubuntu/pool/main/libc/libcap2/libcap2_2.66-3ubuntu2_amd64.deb [28214/28214] -> "/build/chroot//var/cache/apt/archives/partial/libcap2_1%3a2.66-3ubuntu2_amd64.deb" [1]
2023-04-14 23:27:01 URL:http://ftpmaster.internal/ubuntu/pool/main/e/e2fsprogs/libcom-err2_1.47.0-1ubuntu1_amd64.deb [14520/14520] -> "/build/chroot//var/cache/apt/archives/partial/libcom-err2_1.47.0-1ubuntu1_amd64.deb" [1]
2023-04-14 23:27:01 URL:http://ftpmaster.internal/ubuntu/pool/main/libx/libxcrypt/libcrypt1_4.4.33-2_amd64.deb [80744/80744] -> "/build/chroot//var/cache/apt/archives/partial/libcrypt1_1%3a4.4.33-2_amd64.deb" [1]
2023-04-14 23:27:01 URL:http://ftpmaster.internal/ubuntu/pool/main/d/db5.3/libdb5.3_5.3.28+dfsg2-1_amd64.deb [742382/742382] -> "/build/chroot//var/cache/apt/archives/partial/libdb5.3_5.3.28+dfsg2-1_amd64.deb" [1]
2023-04-14 23:27:01 URL:http://ftpmaster.internal/ubuntu/pool/main/c/cdebconf/libdebconfclient0_0.267ubuntu1_amd64.deb [7892/7892] -> "/build/chroot//var/cache/apt/archives/partial/libdebconfclient0_0.267ubuntu1_amd64.deb" [1]
2023-04-14 23:27:01 URL:http://ftpmaster.internal/ubuntu/pool/main/e/e2fsprogs/libext2fs2_1.47.0-1ubuntu1_amd64.deb [212048/212048] -> "/build/chroot//var/cache/apt/archives/partial/libext2fs2_1.47.0-1ubuntu1_amd64.deb" [1]
2023-04-14 23:27:01 URL:http://ftpmaster.internal/ubuntu/pool/main/libf/libffi/libffi8_3.4.4-1_amd64.deb [23818/23818] -> "/build/chroot//var/cache/apt/archives/partial/libffi8_3.4.4-1_amd64.deb" [1]
2023-04-14 23:27:01 URL:http://ftpmaster.internal/ubuntu/pool/main/g/gcc-13/libgcc-s1_13-20230320-1ubuntu1_amd64.deb [62524/62524] -> "/build/chroot//var/cache/apt/archives/partial/libgcc-s1_13-20230320-1ubuntu1_amd64.deb" [1]
2023-04-14 23:27:02 URL:http://ftpmaster.internal/ubuntu/pool/main/libg/libgcrypt20/libgcrypt20_1.10.1-3ubuntu1_amd64.deb [529016/529016] -> "/build/chroot//var/cache/apt/archives/partial/libgcrypt20_1.10.1-3ubuntu1_amd64.deb" [1]
2023-04-14 23:27:02 URL:http://ftpmaster.internal/ubuntu/pool/main/g/gmp/libgmp10_6.2.1+dfsg1-1.1ubuntu1_amd64.deb [249690/249690] -> "/build/chroot//var/cache/apt/archives/partial/libgmp10_2%3a6.2.1+dfsg1-1.1ubuntu1_amd64.deb" [1]
2023-04-14 23:27:02 URL:http://ftpmaster.internal/ubuntu/pool/main/g/gnutls28/libgnutls30_3.7.8-5ubuntu1_amd64.deb [984512/984512] -> "/build/chroot//var/cache/apt/archives/partial/libgnutls30_3.7.8-5ubuntu1_amd64.deb" [1]
2023-04-14 23:27:02 URL:http://ftpmaster.internal/ubuntu/pool/main/libg/libgpg-error/libgpg-error0_1.46-1_amd64.deb [68890/68890] -> "/build/chroot//var/cache/apt/archives/partial/libgpg-error0_1.46-1_amd64.deb" [1]
2023-04-14 23:27:02 URL:http://ftpmaster.internal/ubuntu/pool/main/n/nettle/libhogweed6_3.8.1-2_amd64.deb [198912/198912] -> "/build/chroot//var/cache/apt/archives/partial/libhogweed6_3.8.1-2_amd64.deb" [1]
2023-04-14 23:27:02 URL:http://ftpmaster.internal/ubuntu/pool/main/libi/libidn2/libidn2-0_2.3.3-1build1_amd64.deb [62894/62894] -> "/build/chroot//var/cache/apt/archives/partial/libidn2-0_2.3.3-1build1_amd64.deb" [1]
2023-04-14 23:27:02 URL:http://ftpmaster.internal/ubuntu/pool/main/l/lz4/liblz4-1_1.9.4-1_amd64.deb [63088/63088] -> "/build/chroot//var/cache/apt/archives/partial/liblz4-1_1.9.4-1_amd64.deb" [1]
2023-04-14 23:27:02 URL:http://ftpmaster.internal/ubuntu/pool/main/x/xz-utils/liblzma5_5.4.1-0.2_amd64.deb [125084/125084] -> "/build/chroot//var/cache/apt/archives/partial/liblzma5_5.4.1-0.2_amd64.deb" [1]
2023-04-14 23:27:02 URL:http://ftpmaster.internal/ubuntu/pool/main/libm/libmd/libmd0_1.0.4-2_amd64.deb [22688/22688] -> "/build/chroot//var/cache/apt/archives/partial/libmd0_1.0.4-2_amd64.deb" [1]
2023-04-14 23:27:02 URL:http://ftpmaster.internal/ubuntu/pool/main/u/util-linux/libmount1_2.38.1-4ubuntu1_amd64.deb [121126/121126] -> "/build/chroot//var/cache/apt/archives/partial/libmount1_2.38.1-4ubuntu1_amd64.deb" [1]
2023-04-14 23:27:02 URL:http://ftpmaster.internal/ubuntu/pool/main/n/ncurses/libncursesw6_6.4-2_amd64.deb [146912/146912] -> "/build/chroot//var/cache/apt/archives/partial/libncursesw6_6.4-2_amd64.deb" [1]
2023-04-14 23:27:02 URL:http://ftpmaster.internal/ubuntu/pool/main/n/nettle/libnettle8_3.8.1-2_amd64.deb [172422/172422] -> "/build/chroot//var/cache/apt/archives/partial/libnettle8_3.8.1-2_amd64.deb" [1]
2023-04-14 23:27:02 URL:http://ftpmaster.internal/ubuntu/pool/main/p/p11-kit/libp11-kit0_0.24.1-2ubuntu1_amd64.deb [247574/247574] -> "/build/chroot//var/cache/apt/archives/partial/libp11-kit0_0.24.1-2ubuntu1_amd64.deb" [1]
2023-04-14 23:27:02 URL:http://ftpmaster.internal/ubuntu/pool/main/p/pam/libpam-modules_1.5.2-5ubuntu1_amd64.deb [281600/281600] -> "/build/chroot//var/cache/apt/archives/partial/libpam-modules_1.5.2-5ubuntu1_amd64.deb" [1]
2023-04-14 23:27:02 URL:http://ftpmaster.internal/ubuntu/pool/main/p/pam/libpam-modules-bin_1.5.2-5ubuntu1_amd64.deb [45542/45542] -> "/build/chroot//var/cache/apt/archives/partial/libpam-modules-bin_1.5.2-5ubuntu1_amd64.deb" [1]
2023-04-14 23:27:02 URL:http://ftpmaster.internal/ubuntu/pool/main/p/pam/libpam-runtime_1.5.2-5ubuntu1_all.deb [39954/39954] -> "/build/chroot//var/cache/apt/archives/partial/libpam-runtime_1.5.2-5ubuntu1_all.deb" [1]
2023-04-14 23:27:02 URL:http://ftpmaster.internal/ubuntu/pool/main/p/pam/libpam0g_1.5.2-5ubuntu1_amd64.deb [60156/60156] -> "/build/chroot//var/cache/apt/archives/partial/libpam0g_1.5.2-5ubuntu1_amd64.deb" [1]
2023-04-14 23:27:02 URL:http://ftpmaster.internal/ubuntu/pool/main/p/pcre2/libpcre2-8-0_10.42-1_amd64.deb [227724/227724] -> "/build/chroot//var/cache/apt/archives/partial/libpcre2-8-0_10.42-1_amd64.deb" [1]
2023-04-14 23:27:02 URL:http://ftpmaster.internal/ubuntu/pool/main/p/procps/libproc2-0_4.0.3-1ubuntu1_amd64.deb [55892/55892] -> "/build/chroot//var/cache/apt/archives/partial/libproc2-0_2%3a4.0.3-1ubuntu1_amd64.deb" [1]
2023-04-14 23:27:02 URL:http://ftpmaster.internal/ubuntu/pool/main/libs/libseccomp/libseccomp2_2.5.4-1ubuntu3_amd64.deb [49070/49070] -> "/build/chroot//var/cache/apt/archives/partial/libseccomp2_2.5.4-1ubuntu3_amd64.deb" [1]
2023-04-14 23:27:02 URL:http://ftpmaster.internal/ubuntu/pool/main/libs/libselinux/libselinux1_3.4-1build4_amd64.deb [78124/78124] -> "/build/chroot//var/cache/apt/archives/partial/libselinux1_3.4-1build4_amd64.deb" [1]
2023-04-14 23:27:02 URL:http://ftpmaster.internal/ubuntu/pool/main/libs/libsemanage/libsemanage-common_3.4-1build4_all.deb [9852/9852] -> "/build/chroot//var/cache/apt/archives/partial/libsemanage-common_3.4-1build4_all.deb" [1]
2023-04-14 23:27:02 URL:http://ftpmaster.internal/ubuntu/pool/main/libs/libsemanage/libsemanage2_3.4-1build4_amd64.deb [92676/92676] -> "/build/chroot//var/cache/apt/archives/partial/libsemanage2_3.4-1build4_amd64.deb" [1]
2023-04-14 23:27:02 URL:http://ftpmaster.internal/ubuntu/pool/main/libs/libsepol/libsepol2_3.4-2_amd64.deb [294310/294310] -> "/build/chroot//var/cache/apt/archives/partial/libsepol2_3.4-2_amd64.deb" [1]
2023-04-14 23:27:02 URL:http://ftpmaster.internal/ubuntu/pool/main/u/util-linux/libsmartcols1_2.38.1-4ubuntu1_amd64.deb [51458/51458] -> "/build/chroot//var/cache/apt/archives/partial/libsmartcols1_2.38.1-4ubuntu1_amd64.deb" [1]
2023-04-14 23:27:02 URL:http://ftpmaster.internal/ubuntu/pool/main/e/e2fsprogs/libss2_1.47.0-1ubuntu1_amd64.deb [16810/16810] -> "/build/chroot//var/cache/apt/archives/partial/libss2_1.47.0-1ubuntu1_amd64.deb" [1]
2023-04-14 23:27:02 URL:http://ftpmaster.internal/ubuntu/pool/main/g/gcc-13/libstdc++6_13-20230320-1ubuntu1_amd64.deb [766354/766354] -> "/build/chroot//var/cache/apt/archives/partial/libstdc++6_13-20230320-1ubuntu1_amd64.deb" [1]
2023-04-14 23:27:02 URL:http://ftpmaster.internal/ubuntu/pool/main/s/systemd/libsystemd0_252.5-2ubuntu3_amd64.deb [388884/388884] -> "/build/chroot//var/cache/apt/archives/partial/libsystemd0_252.5-2ubuntu3_amd64.deb" [1]
2023-04-14 23:27:02 URL:http://ftpmaster.internal/ubuntu/pool/main/libt/libtasn1-6/libtasn1-6_4.19.0-2_amd64.deb [43892/43892] -> "/build/chroot//var/cache/apt/archives/partial/libtasn1-6_4.19.0-2_amd64.deb" [1]
2023-04-14 23:27:02 URL:http://ftpmaster.internal/ubuntu/pool/main/n/ncurses/libtinfo6_6.4-2_amd64.deb [100874/100874] -> "/build/chroot//var/cache/apt/archives/partial/libtinfo6_6.4-2_amd64.deb" [1]
2023-04-14 23:27:02 URL:http://ftpmaster.internal/ubuntu/pool/main/s/systemd/libudev1_252.5-2ubuntu3_amd64.deb [150200/150200] -> "/build/chroot//var/cache/apt/archives/partial/libudev1_252.5-2ubuntu3_amd64.deb" [1]
2023-04-14 23:27:02 URL:http://ftpmaster.internal/ubuntu/pool/main/libu/libunistring/libunistring2_1.0-2_amd64.deb [536080/536080] -> "/build/chroot//var/cache/apt/archives/partial/libunistring2_1.0-2_amd64.deb" [1]
2023-04-14 23:27:02 URL:http://ftpmaster.internal/ubuntu/pool/main/u/util-linux/libuuid1_2.38.1-4ubuntu1_amd64.deb [24490/24490] -> "/build/chroot//var/cache/apt/archives/partial/libuuid1_2.38.1-4ubuntu1_amd64.deb" [1]
2023-04-14 23:27:02 URL:http://ftpmaster.internal/ubuntu/pool/main/x/xxhash/libxxhash0_0.8.1-1_amd64.deb [27258/27258] -> "/build/chroot//var/cache/apt/archives/partial/libxxhash0_0.8.1-1_amd64.deb" [1]
2023-04-14 23:27:02 URL:http://ftpmaster.internal/ubuntu/pool/main/libz/libzstd/libzstd1_1.5.4+dfsg2-4_amd64.deb [292114/292114] -> "/build/chroot//var/cache/apt/archives/partial/libzstd1_1.5.4+dfsg2-4_amd64.deb" [1]
2023-04-14 23:27:02 URL:http://ftpmaster.internal/ubuntu/pool/main/s/shadow/login_4.13+dfsg1-1ubuntu1_amd64.deb [198662/198662] -> "/build/chroot//var/cache/apt/archives/partial/login_1%3a4.13+dfsg1-1ubuntu1_amd64.deb" [1]
2023-04-14 23:27:02 URL:http://ftpmaster.internal/ubuntu/pool/main/e/e2fsprogs/logsave_1.47.0-1ubuntu1_amd64.deb [14240/14240] -> "/build/chroot//var/cache/apt/archives/partial/logsave_1.47.0-1ubuntu1_amd64.deb" [1]
2023-04-14 23:27:02 URL:http://ftpmaster.internal/ubuntu/pool/main/m/mawk/mawk_1.3.4.20200120-3.1_amd64.deb [108810/108810] -> "/build/chroot//var/cache/apt/archives/partial/mawk_1.3.4.20200120-3.1_amd64.deb" [1]
2023-04-14 23:27:02 URL:http://ftpmaster.internal/ubuntu/pool/main/u/util-linux/mount_2.38.1-4ubuntu1_amd64.deb [113584/113584] -> "/build/chroot//var/cache/apt/archives/partial/mount_2.38.1-4ubuntu1_amd64.deb" [1]
2023-04-14 23:27:02 URL:http://ftpmaster.internal/ubuntu/pool/main/n/ncurses/ncurses-base_6.4-2_all.deb [21258/21258] -> "/build/chroot//var/cache/apt/archives/partial/ncurses-base_6.4-2_all.deb" [1]
2023-04-14 23:27:02 URL:http://ftpmaster.internal/ubuntu/pool/main/n/ncurses/ncurses-bin_6.4-2_amd64.deb [184878/184878] -> "/build/chroot//var/cache/apt/archives/partial/ncurses-bin_6.4-2_amd64.deb" [1]
2023-04-14 23:27:02 URL:http://ftpmaster.internal/ubuntu/pool/main/s/shadow/passwd_4.13+dfsg1-1ubuntu1_amd64.deb [841764/841764] -> "/build/chroot//var/cache/apt/archives/partial/passwd_1%3a4.13+dfsg1-1ubuntu1_amd64.deb" [1]
2023-04-14 23:27:02 URL:http://ftpmaster.internal/ubuntu/pool/main/p/perl/perl-base_5.36.0-7_amd64.deb [1779358/1779358] -> "/build/chroot//var/cache/apt/archives/partial/perl-base_5.36.0-7_amd64.deb" [1]
2023-04-14 23:27:02 URL:http://ftpmaster.internal/ubuntu/pool/main/p/procps/procps_4.0.3-1ubuntu1_amd64.deb [608510/608510] -> "/build/chroot//var/cache/apt/archives/partial/procps_2%3a4.0.3-1ubuntu1_amd64.deb" [1]
2023-04-14 23:27:02 URL:http://ftpmaster.internal/ubuntu/pool/main/s/sed/sed_4.9-1_amd64.deb [192956/192956] -> "/build/chroot//var/cache/apt/archives/partial/sed_4.9-1_amd64.deb" [1]
2023-04-14 23:27:02 URL:http://ftpmaster.internal/ubuntu/pool/main/s/sensible-utils/sensible-utils_0.0.17+nmu1_all.deb [19334/19334] -> "/build/chroot//var/cache/apt/archives/partial/sensible-utils_0.0.17+nmu1_all.deb" [1]
2023-04-14 23:27:02 URL:http://ftpmaster.internal/ubuntu/pool/main/s/sysvinit/sysvinit-utils_3.06-2ubuntu1_amd64.deb [32482/32482] -> "/build/chroot//var/cache/apt/archives/partial/sysvinit-utils_3.06-2ubuntu1_amd64.deb" [1]
2023-04-14 23:27:02 URL:http://ftpmaster.internal/ubuntu/pool/main/t/tar/tar_1.34+dfsg-1.2_amd64.deb [292678/292678] -> "/build/chroot//var/cache/apt/archives/partial/tar_1.34+dfsg-1.2_amd64.deb" [1]
2023-04-14 23:27:02 URL:http://ftpmaster.internal/ubuntu/pool/main/u/ubuntu-keyring/ubuntu-keyring_2021.03.26_all.deb [20856/20856] -> "/build/chroot//var/cache/apt/archives/partial/ubuntu-keyring_2021.03.26_all.deb" [1]
2023-04-14 23:27:02 URL:http://ftpmaster.internal/ubuntu/pool/main/u/usrmerge/usrmerge_33ubuntu1_all.deb [57002/57002] -> "/build/chroot//var/cache/apt/archives/partial/usrmerge_33ubuntu1_all.deb" [1]
2023-04-14 23:27:02 URL:http://ftpmaster.internal/ubuntu/pool/main/u/util-linux/util-linux_2.38.1-4ubuntu1_amd64.deb [1075700/1075700] -> "/build/chroot//var/cache/apt/archives/partial/util-linux_2.38.1-4ubuntu1_amd64.deb" [1]
2023-04-14 23:27:02 URL:http://ftpmaster.internal/ubuntu/pool/main/u/util-linux/util-linux-extra_2.38.1-4ubuntu1_amd64.deb [83828/83828] -> "/build/chroot//var/cache/apt/archives/partial/util-linux-extra_2.38.1-4ubuntu1_amd64.deb" [1]
2023-04-14 23:27:02 URL:http://ftpmaster.internal/ubuntu/pool/main/z/zlib/zlib1g_1.2.13.dfsg-1ubuntu4_amd64.deb [61212/61212] -> "/build/chroot//var/cache/apt/archives/partial/zlib1g_1%3a1.2.13.dfsg-1ubuntu4_amd64.deb" [1]
gpgv: Signature made Fri Apr 14 22:56:40 2023 UTC
gpgv:                using RSA key 871920D1991BC93C
gpgv: Good signature from "Ubuntu Archive Automatic Signing Key (2018) <ftpmaster@ubuntu.com>"
dpkg: warning: parsing file '/var/lib/dpkg/status' near line 5 package 'dpkg':
 missing 'Description' field
dpkg: warning: parsing file '/var/lib/dpkg/status' near line 5 package 'dpkg':
 missing 'Architecture' field
Selecting previously unselected package base-passwd.
(Reading database ... 0 files and directories currently installed.)
Preparing to unpack .../base-passwd_3.6.1_amd64.deb ...
Unpacking base-passwd (3.6.1) ...
dpkg: base-passwd: dependency problems, but configuring anyway as you requested:
 base-passwd depends on libc6 (>= 2.34); however:
  Package libc6 is not installed.
 base-passwd depends on libdebconfclient0 (>= 0.145); however:
  Package libdebconfclient0 is not installed.
 base-passwd depends on libselinux1 (>= 3.1~); however:
  Package libselinux1 is not installed.

Setting up base-passwd (3.6.1) ...
dpkg: warning: parsing file '/var/lib/dpkg/status' near line 24 package 'dpkg':
 missing 'Description' field
dpkg: warning: parsing file '/var/lib/dpkg/status' near line 24 package 'dpkg':
 missing 'Architecture' field
Selecting previously unselected package base-files.
dpkg: regarding .../base-files_12.3ubuntu2_amd64.deb containing base-files, pre-dependency problem:
 base-files pre-depends on awk
  awk is not installed.

dpkg: warning: ignoring pre-dependency problem!
(Reading database ... 41 files and directories currently installed.)
Preparing to unpack .../base-files_12.3ubuntu2_amd64.deb ...
Unpacking base-files (12.3ubuntu2) ...
dpkg: base-files: dependency problems, but configuring anyway as you requested:
 base-files depends on awk; however:
  Package awk is not installed.
 base-files depends on libc6 (>= 2.34); however:
  Package libc6 is not installed.
 base-files depends on libcrypt1 (>= 1:4.4.10-10ubuntu3); however:
  Package libcrypt1 is not installed.

Setting up base-files (12.3ubuntu2) ...
dpkg: warning: parsing file '/var/lib/dpkg/status' near line 59 package 'dpkg':
 missing 'Description' field
dpkg: warning: parsing file '/var/lib/dpkg/status' near line 59 package 'dpkg':
 missing 'Architecture' field
dpkg: regarding .../dpkg_1.21.21ubuntu1_amd64.deb containing dpkg, pre-dependency problem:
 dpkg pre-depends on libbz2-1.0
  libbz2-1.0 is not installed.

dpkg: warning: ignoring pre-dependency problem!
dpkg: regarding .../dpkg_1.21.21ubuntu1_amd64.deb containing dpkg, pre-dependency problem:
 dpkg pre-depends on libc6 (>= 2.34)
  libc6 is not installed.

dpkg: warning: ignoring pre-dependency problem!
dpkg: regarding .../dpkg_1.21.21ubuntu1_amd64.deb containing dpkg, pre-dependency problem:
 dpkg pre-depends on liblzma5 (>= 5.4.0)
  liblzma5 is not installed.

dpkg: warning: ignoring pre-dependency problem!
dpkg: regarding .../dpkg_1.21.21ubuntu1_amd64.deb containing dpkg, pre-dependency problem:
 dpkg pre-depends on libmd0 (>= 0.0.0)
  libmd0 is not installed.

dpkg: warning: ignoring pre-dependency problem!
dpkg: regarding .../dpkg_1.21.21ubuntu1_amd64.deb containing dpkg, pre-dependency problem:
 dpkg pre-depends on libselinux1 (>= 3.1~)
  libselinux1 is not installed.

dpkg: warning: ignoring pre-dependency problem!
dpkg: regarding .../dpkg_1.21.21ubuntu1_amd64.deb containing dpkg, pre-dependency problem:
 dpkg pre-depends on libzstd1 (>= 1.5.2)
  libzstd1 is not installed.

dpkg: warning: ignoring pre-dependency problem!
dpkg: regarding .../dpkg_1.21.21ubuntu1_amd64.deb containing dpkg, pre-dependency problem:
 dpkg pre-depends on zlib1g (>= 1:1.1.4)
  zlib1g is not installed.

dpkg: warning: ignoring pre-dependency problem!
(Reading database ... 146 files and directories currently installed.)
Preparing to unpack .../dpkg_1.21.21ubuntu1_amd64.deb ...
Unpacking dpkg (1.21.21ubuntu1) over (1.21.21ubuntu1) ...
dpkg: dpkg: dependency problems, but configuring anyway as you requested:
 dpkg depends on libbz2-1.0; however:
  Package libbz2-1.0 is not installed.
 dpkg depends on libc6 (>= 2.34); however:
  Package libc6 is not installed.
 dpkg depends on liblzma5 (>= 5.4.0); however:
  Package liblzma5 is not installed.
 dpkg depends on libmd0 (>= 0.0.0); however:
  Package libmd0 is not installed.
 dpkg depends on libselinux1 (>= 3.1~); however:
  Package libselinux1 is not installed.
 dpkg depends on libzstd1 (>= 1.5.2); however:
  Package libzstd1 is not installed.
 dpkg depends on zlib1g (>= 1:1.1.4); however:
  Package zlib1g is not installed.
 dpkg depends on tar (>= 1.28-1); however:
  Package tar is not installed.

Setting up dpkg (1.21.21ubuntu1) ...
Selecting previously unselected package libc6:amd64.
(Reading database ... 436 files and directories currently installed.)
Preparing to unpack .../libc6_2.37-0ubuntu2_amd64.deb ...
Unpacking libc6:amd64 (2.37-0ubuntu2) ...
dpkg: libc6:amd64: dependency problems, but configuring anyway as you requested:
 libc6:amd64 depends on libgcc-s1; however:
  Package libgcc-s1 is not installed.
 libc6:amd64 depends on libcrypt1 (>= 1:4.4.10-10ubuntu4); however:
  Package libcrypt1 is not installed.

Setting up libc6:amd64 (2.37-0ubuntu2) ...
Selecting previously unselected package perl-base.
dpkg: regarding .../perl-base_5.36.0-7_amd64.deb containing perl-base, pre-dependency problem:
 perl-base pre-depends on libcrypt1 (>= 1:4.1.0)
  libcrypt1 is not installed.

dpkg: warning: ignoring pre-dependency problem!
(Reading database ... 730 files and directories currently installed.)
Preparing to unpack .../perl-base_5.36.0-7_amd64.deb ...
Unpacking perl-base (5.36.0-7) ...
dpkg: perl-base: dependency problems, but configuring anyway as you requested:
 perl-base depends on libcrypt1 (>= 1:4.1.0); however:
  Package libcrypt1 is not installed.

Setting up perl-base (5.36.0-7) ...
Selecting previously unselected package mawk.
(Reading database ... 1457 files and directories currently installed.)
Preparing to unpack .../mawk_1.3.4.20200120-3.1_amd64.deb ...
Unpacking mawk (1.3.4.20200120-3.1) ...
Setting up mawk (1.3.4.20200120-3.1) ...
update-alternatives: using /usr/bin/mawk to provide /usr/bin/awk (awk) in auto mode
(Reading database ... 1475 files and directories currently installed.)
Preparing to unpack .../base-files_12.3ubuntu2_amd64.deb ...
Unpacking base-files (12.3ubuntu2) over (12.3ubuntu2) ...
Preparing to unpack .../base-passwd_3.6.1_amd64.deb ...
Unpacking base-passwd (3.6.1) over (3.6.1) ...
Selecting previously unselected package bash.
dpkg: regarding .../bash_5.2.15-2ubuntu1_amd64.deb containing bash, pre-dependency problem:
 bash pre-depends on libtinfo6 (>= 6)
  libtinfo6 is not installed.

dpkg: warning: ignoring pre-dependency problem!
Preparing to unpack .../bash_5.2.15-2ubuntu1_amd64.deb ...
Unpacking bash (5.2.15-2ubuntu1) ...
Selecting previously unselected package bsdutils.
dpkg: regarding .../bsdutils_1%3a2.38.1-4ubuntu1_amd64.deb containing bsdutils, pre-dependency problem:
 bsdutils pre-depends on libsystemd0
  libsystemd0 is not installed.

dpkg: warning: ignoring pre-dependency problem!
Preparing to unpack .../bsdutils_1%3a2.38.1-4ubuntu1_amd64.deb ...
Unpacking bsdutils (1:2.38.1-4ubuntu1) ...
Selecting previously unselected package coreutils.
dpkg: regarding .../coreutils_9.1-1ubuntu2_amd64.deb containing coreutils, pre-dependency problem:
 coreutils pre-depends on libacl1 (>= 2.2.23)
  libacl1 is not installed.

dpkg: warning: ignoring pre-dependency problem!
dpkg: regarding .../coreutils_9.1-1ubuntu2_amd64.deb containing coreutils, pre-dependency problem:
 coreutils pre-depends on libattr1 (>= 1:2.4.44)
  libattr1 is not installed.

dpkg: warning: ignoring pre-dependency problem!
dpkg: regarding .../coreutils_9.1-1ubuntu2_amd64.deb containing coreutils, pre-dependency problem:
 coreutils pre-depends on libgmp10 (>= 2:6.2.1+dfsg1)
  libgmp10 is not installed.

dpkg: warning: ignoring pre-dependency problem!
dpkg: regarding .../coreutils_9.1-1ubuntu2_amd64.deb containing coreutils, pre-dependency problem:
 coreutils pre-depends on libselinux1 (>= 3.1~)
  libselinux1 is not installed.

dpkg: warning: ignoring pre-dependency problem!
Preparing to unpack .../coreutils_9.1-1ubuntu2_amd64.deb ...
Unpacking coreutils (9.1-1ubuntu2) ...
Selecting previously unselected package dash.
Preparing to unpack .../dash_0.5.12-2ubuntu1_amd64.deb ...
Unpacking dash (0.5.12-2ubuntu1) ...
Selecting previously unselected package debconf.
Preparing to unpack .../debconf_1.5.82_all.deb ...
Unpacking debconf (1.5.82) ...
Selecting previously unselected package debianutils.
Preparing to unpack .../debianutils_5.7-0.4_amd64.deb ...
Unpacking debianutils (5.7-0.4) ...
Selecting previously unselected package diffutils.
Preparing to unpack .../diffutils_1%3a3.8-4_amd64.deb ...
Unpacking diffutils (1:3.8-4) ...
dpkg: regarding .../dpkg_1.21.21ubuntu1_amd64.deb containing dpkg, pre-dependency problem:
 dpkg pre-depends on libbz2-1.0
  libbz2-1.0 is not installed.

dpkg: warning: ignoring pre-dependency problem!
dpkg: regarding .../dpkg_1.21.21ubuntu1_amd64.deb containing dpkg, pre-dependency problem:
 dpkg pre-depends on liblzma5 (>= 5.4.0)
  liblzma5 is not installed.

dpkg: warning: ignoring pre-dependency problem!
dpkg: regarding .../dpkg_1.21.21ubuntu1_amd64.deb containing dpkg, pre-dependency problem:
 dpkg pre-depends on libmd0 (>= 0.0.0)
  libmd0 is not installed.

dpkg: warning: ignoring pre-dependency problem!
dpkg: regarding .../dpkg_1.21.21ubuntu1_amd64.deb containing dpkg, pre-dependency problem:
 dpkg pre-depends on libselinux1 (>= 3.1~)
  libselinux1 is not installed.

dpkg: warning: ignoring pre-dependency problem!
dpkg: regarding .../dpkg_1.21.21ubuntu1_amd64.deb containing dpkg, pre-dependency problem:
 dpkg pre-depends on libzstd1 (>= 1.5.2)
  libzstd1 is not installed.

dpkg: warning: ignoring pre-dependency problem!
dpkg: regarding .../dpkg_1.21.21ubuntu1_amd64.deb containing dpkg, pre-dependency problem:
 dpkg pre-depends on zlib1g (>= 1:1.1.4)
  zlib1g is not installed.

dpkg: warning: ignoring pre-dependency problem!
Preparing to unpack .../dpkg_1.21.21ubuntu1_amd64.deb ...
Unpacking dpkg (1.21.21ubuntu1) over (1.21.21ubuntu1) ...
Selecting previously unselected package e2fsprogs.
dpkg: regarding .../e2fsprogs_1.47.0-1ubuntu1_amd64.deb containing e2fsprogs, pre-dependency problem:
 e2fsprogs pre-depends on libblkid1 (>= 2.36)
  libblkid1 is not installed.

dpkg: warning: ignoring pre-dependency problem!
dpkg: regarding .../e2fsprogs_1.47.0-1ubuntu1_amd64.deb containing e2fsprogs, pre-dependency problem:
 e2fsprogs pre-depends on libcom-err2 (>= 1.43.9)
  libcom-err2 is not installed.

dpkg: warning: ignoring pre-dependency problem!
dpkg: regarding .../e2fsprogs_1.47.0-1ubuntu1_amd64.deb containing e2fsprogs, pre-dependency problem:
 e2fsprogs pre-depends on libext2fs2 (= 1.47.0-1ubuntu1)
  libext2fs2 is not installed.

dpkg: warning: ignoring pre-dependency problem!
dpkg: regarding .../e2fsprogs_1.47.0-1ubuntu1_amd64.deb containing e2fsprogs, pre-dependency problem:
 e2fsprogs pre-depends on libss2 (>= 1.38)
  libss2 is not installed.

dpkg: warning: ignoring pre-dependency problem!
dpkg: regarding .../e2fsprogs_1.47.0-1ubuntu1_amd64.deb containing e2fsprogs, pre-dependency problem:
 e2fsprogs pre-depends on libuuid1 (>= 2.16)
  libuuid1 is not installed.

dpkg: warning: ignoring pre-dependency problem!
Preparing to unpack .../e2fsprogs_1.47.0-1ubuntu1_amd64.deb ...
Unpacking e2fsprogs (1.47.0-1ubuntu1) ...
Selecting previously unselected package findutils.
dpkg: regarding .../findutils_4.9.0-3ubuntu1_amd64.deb containing findutils, pre-dependency problem:
 findutils pre-depends on libselinux1 (>= 3.1~)
  libselinux1 is not installed.

dpkg: warning: ignoring pre-dependency problem!
Preparing to unpack .../findutils_4.9.0-3ubuntu1_amd64.deb ...
Unpacking findutils (4.9.0-3ubuntu1) ...
Selecting previously unselected package gcc-13-base:amd64.
Preparing to unpack .../gcc-13-base_13-20230320-1ubuntu1_amd64.deb ...
Unpacking gcc-13-base:amd64 (13-20230320-1ubuntu1) ...
Selecting previously unselected package grep.
dpkg: regarding .../archives/grep_3.8-5_amd64.deb containing grep, pre-dependency problem:
 grep pre-depends on libpcre2-8-0 (>= 10.32)
  libpcre2-8-0 is not installed.

dpkg: warning: ignoring pre-dependency problem!
Preparing to unpack .../archives/grep_3.8-5_amd64.deb ...
Unpacking grep (3.8-5) ...
Selecting previously unselected package gzip.
Preparing to unpack .../gzip_1.12-1ubuntu1_amd64.deb ...
Unpacking gzip (1.12-1ubuntu1) ...
Selecting previously unselected package hostname.
Preparing to unpack .../hostname_3.23+nmu1ubuntu1_amd64.deb ...
Unpacking hostname (3.23+nmu1ubuntu1) ...
Selecting previously unselected package init-system-helpers.
Preparing to unpack .../init-system-helpers_1.65.2_all.deb ...
Unpacking init-system-helpers (1.65.2) ...
Selecting previously unselected package libacl1:amd64.
Preparing to unpack .../libacl1_2.3.1-3_amd64.deb ...
Unpacking libacl1:amd64 (2.3.1-3) ...
Selecting previously unselected package libattr1:amd64.
Preparing to unpack .../libattr1_1%3a2.5.1-4_amd64.deb ...
Unpacking libattr1:amd64 (1:2.5.1-4) ...
Selecting previously unselected package libaudit-common.
Preparing to unpack .../libaudit-common_1%3a3.0.9-1_all.deb ...
Unpacking libaudit-common (1:3.0.9-1) ...
Selecting previously unselected package libaudit1:amd64.
Preparing to unpack .../libaudit1_1%3a3.0.9-1_amd64.deb ...
Unpacking libaudit1:amd64 (1:3.0.9-1) ...
Selecting previously unselected package libblkid1:amd64.
Preparing to unpack .../libblkid1_2.38.1-4ubuntu1_amd64.deb ...
Unpacking libblkid1:amd64 (2.38.1-4ubuntu1) ...
Selecting previously unselected package libbz2-1.0:amd64.
Preparing to unpack .../libbz2-1.0_1.0.8-5build1_amd64.deb ...
Unpacking libbz2-1.0:amd64 (1.0.8-5build1) ...
Selecting previously unselected package libc-bin.
Preparing to unpack .../libc-bin_2.37-0ubuntu2_amd64.deb ...
Unpacking libc-bin (2.37-0ubuntu2) ...
Preparing to unpack .../libc6_2.37-0ubuntu2_amd64.deb ...
/var/lib/dpkg/tmp.ci/preinst: 177: which: not found
Unpacking libc6:amd64 (2.37-0ubuntu2) over (2.37-0ubuntu2) ...
Selecting previously unselected package libcap-ng0:amd64.
Preparing to unpack .../libcap-ng0_0.8.3-1build2_amd64.deb ...
Unpacking libcap-ng0:amd64 (0.8.3-1build2) ...
Selecting previously unselected package libcap2:amd64.
Preparing to unpack .../libcap2_1%3a2.66-3ubuntu2_amd64.deb ...
Unpacking libcap2:amd64 (1:2.66-3ubuntu2) ...
Selecting previously unselected package libcom-err2:amd64.
Preparing to unpack .../libcom-err2_1.47.0-1ubuntu1_amd64.deb ...
Unpacking libcom-err2:amd64 (1.47.0-1ubuntu1) ...
Selecting previously unselected package libcrypt1:amd64.
Preparing to unpack .../libcrypt1_1%3a4.4.33-2_amd64.deb ...
Unpacking libcrypt1:amd64 (1:4.4.33-2) ...
Selecting previously unselected package libdb5.3:amd64.
Preparing to unpack .../libdb5.3_5.3.28+dfsg2-1_amd64.deb ...
Unpacking libdb5.3:amd64 (5.3.28+dfsg2-1) ...
Selecting previously unselected package libdebconfclient0:amd64.
Preparing to unpack .../libdebconfclient0_0.267ubuntu1_amd64.deb ...
Unpacking libdebconfclient0:amd64 (0.267ubuntu1) ...
Selecting previously unselected package libext2fs2:amd64.
Preparing to unpack .../libext2fs2_1.47.0-1ubuntu1_amd64.deb ...
Unpacking libext2fs2:amd64 (1.47.0-1ubuntu1) ...
Selecting previously unselected package libgcc-s1:amd64.
Preparing to unpack .../libgcc-s1_13-20230320-1ubuntu1_amd64.deb ...
Unpacking libgcc-s1:amd64 (13-20230320-1ubuntu1) ...
Selecting previously unselected package libgcrypt20:amd64.
Preparing to unpack .../libgcrypt20_1.10.1-3ubuntu1_amd64.deb ...
Unpacking libgcrypt20:amd64 (1.10.1-3ubuntu1) ...
Selecting previously unselected package libgmp10:amd64.
Preparing to unpack .../libgmp10_2%3a6.2.1+dfsg1-1.1ubuntu1_amd64.deb ...
Unpacking libgmp10:amd64 (2:6.2.1+dfsg1-1.1ubuntu1) ...
Selecting previously unselected package libgpg-error0:amd64.
Preparing to unpack .../libgpg-error0_1.46-1_amd64.deb ...
Unpacking libgpg-error0:amd64 (1.46-1) ...
Selecting previously unselected package liblz4-1:amd64.
Preparing to unpack .../liblz4-1_1.9.4-1_amd64.deb ...
Unpacking liblz4-1:amd64 (1.9.4-1) ...
Selecting previously unselected package liblzma5:amd64.
Preparing to unpack .../liblzma5_5.4.1-0.2_amd64.deb ...
Unpacking liblzma5:amd64 (5.4.1-0.2) ...
Selecting previously unselected package libmd0:amd64.
Preparing to unpack .../libmd0_1.0.4-2_amd64.deb ...
Unpacking libmd0:amd64 (1.0.4-2) ...
Selecting previously unselected package libmount1:amd64.
Preparing to unpack .../libmount1_2.38.1-4ubuntu1_amd64.deb ...
Unpacking libmount1:amd64 (2.38.1-4ubuntu1) ...
Selecting previously unselected package libncursesw6:amd64.
Preparing to unpack .../libncursesw6_6.4-2_amd64.deb ...
Unpacking libncursesw6:amd64 (6.4-2) ...
Selecting previously unselected package libpam-modules:amd64.
dpkg: regarding .../libpam-modules_1.5.2-5ubuntu1_amd64.deb containing libpam-modules:amd64, pre-dependency problem:
 libpam-modules pre-depends on libaudit1 (>= 1:2.2.1)
  libaudit1:amd64 is unpacked, but has never been configured.

dpkg: warning: ignoring pre-dependency problem!
dpkg: regarding .../libpam-modules_1.5.2-5ubuntu1_amd64.deb containing libpam-modules:amd64, pre-dependency problem:
 libpam-modules pre-depends on libcrypt1 (>= 1:4.3.0)
  libcrypt1:amd64 is unpacked, but has never been configured.

dpkg: warning: ignoring pre-dependency problem!
dpkg: regarding .../libpam-modules_1.5.2-5ubuntu1_amd64.deb containing libpam-modules:amd64, pre-dependency problem:
 libpam-modules pre-depends on libdb5.3
  libdb5.3:amd64 is unpacked, but has never been configured.

dpkg: warning: ignoring pre-dependency problem!
dpkg: regarding .../libpam-modules_1.5.2-5ubuntu1_amd64.deb containing libpam-modules:amd64, pre-dependency problem:
 libpam-modules pre-depends on libpam0g (>= 1.4.1)
  libpam0g is not installed.

dpkg: warning: ignoring pre-dependency problem!
dpkg: regarding .../libpam-modules_1.5.2-5ubuntu1_amd64.deb containing libpam-modules:amd64, pre-dependency problem:
 libpam-modules pre-depends on libselinux1 (>= 3.1~)
  libselinux1 is not installed.

dpkg: warning: ignoring pre-dependency problem!
dpkg: regarding .../libpam-modules_1.5.2-5ubuntu1_amd64.deb containing libpam-modules:amd64, pre-dependency problem:
 libpam-modules pre-depends on debconf (>= 0.5) | debconf-2.0
  debconf is unpacked, but has never been configured.
  debconf provides debconf-2.0 but is unpacked but not configured.

dpkg: warning: ignoring pre-dependency problem!
dpkg: regarding .../libpam-modules_1.5.2-5ubuntu1_amd64.deb containing libpam-modules:amd64, pre-dependency problem:
 libpam-modules pre-depends on libpam-modules-bin (= 1.5.2-5ubuntu1)
  libpam-modules-bin is not installed.

dpkg: warning: ignoring pre-dependency problem!
Preparing to unpack .../libpam-modules_1.5.2-5ubuntu1_amd64.deb ...
Unpacking libpam-modules:amd64 (1.5.2-5ubuntu1) ...
Selecting previously unselected package libpam-modules-bin.
Preparing to unpack .../libpam-modules-bin_1.5.2-5ubuntu1_amd64.deb ...
Unpacking libpam-modules-bin (1.5.2-5ubuntu1) ...
Selecting previously unselected package libpam-runtime.
Preparing to unpack .../libpam-runtime_1.5.2-5ubuntu1_all.deb ...
Unpacking libpam-runtime (1.5.2-5ubuntu1) ...
Selecting previously unselected package libpam0g:amd64.
Preparing to unpack .../libpam0g_1.5.2-5ubuntu1_amd64.deb ...
Unpacking libpam0g:amd64 (1.5.2-5ubuntu1) ...
Selecting previously unselected package libpcre2-8-0:amd64.
Preparing to unpack .../libpcre2-8-0_10.42-1_amd64.deb ...
Unpacking libpcre2-8-0:amd64 (10.42-1) ...
Selecting previously unselected package libproc2-0:amd64.
Preparing to unpack .../libproc2-0_2%3a4.0.3-1ubuntu1_amd64.deb ...
Unpacking libproc2-0:amd64 (2:4.0.3-1ubuntu1) ...
Selecting previously unselected package libselinux1:amd64.
Preparing to unpack .../libselinux1_3.4-1build4_amd64.deb ...
Unpacking libselinux1:amd64 (3.4-1build4) ...
Selecting previously unselected package libsemanage-common.
Preparing to unpack .../libsemanage-common_3.4-1build4_all.deb ...
Unpacking libsemanage-common (3.4-1build4) ...
Selecting previously unselected package libsemanage2:amd64.
Preparing to unpack .../libsemanage2_3.4-1build4_amd64.deb ...
Unpacking libsemanage2:amd64 (3.4-1build4) ...
Selecting previously unselected package libsepol2:amd64.
Preparing to unpack .../libsepol2_3.4-2_amd64.deb ...
Unpacking libsepol2:amd64 (3.4-2) ...
Selecting previously unselected package libsmartcols1:amd64.
Preparing to unpack .../libsmartcols1_2.38.1-4ubuntu1_amd64.deb ...
Unpacking libsmartcols1:amd64 (2.38.1-4ubuntu1) ...
Selecting previously unselected package libss2:amd64.
Preparing to unpack .../libss2_1.47.0-1ubuntu1_amd64.deb ...
Unpacking libss2:amd64 (1.47.0-1ubuntu1) ...
Selecting previously unselected package libsystemd0:amd64.
Preparing to unpack .../libsystemd0_252.5-2ubuntu3_amd64.deb ...
Unpacking libsystemd0:amd64 (252.5-2ubuntu3) ...
Selecting previously unselected package libtinfo6:amd64.
Preparing to unpack .../libtinfo6_6.4-2_amd64.deb ...
Unpacking libtinfo6:amd64 (6.4-2) ...
Selecting previously unselected package libudev1:amd64.
Preparing to unpack .../libudev1_252.5-2ubuntu3_amd64.deb ...
Unpacking libudev1:amd64 (252.5-2ubuntu3) ...
Selecting previously unselected package libuuid1:amd64.
Preparing to unpack .../libuuid1_2.38.1-4ubuntu1_amd64.deb ...
Unpacking libuuid1:amd64 (2.38.1-4ubuntu1) ...
Selecting previously unselected package libzstd1:amd64.
Preparing to unpack .../libzstd1_1.5.4+dfsg2-4_amd64.deb ...
Unpacking libzstd1:amd64 (1.5.4+dfsg2-4) ...
Selecting previously unselected package login.
dpkg: regarding .../login_1%3a4.13+dfsg1-1ubuntu1_amd64.deb containing login, pre-dependency problem:
 login pre-depends on libaudit1 (>= 1:2.2.1)
  libaudit1:amd64 is unpacked, but has never been configured.

dpkg: warning: ignoring pre-dependency problem!
dpkg: regarding .../login_1%3a4.13+dfsg1-1ubuntu1_amd64.deb containing login, pre-dependency problem:
 login pre-depends on libcrypt1 (>= 1:4.1.0)
  libcrypt1:amd64 is unpacked, but has never been configured.

dpkg: warning: ignoring pre-dependency problem!
dpkg: regarding .../login_1%3a4.13+dfsg1-1ubuntu1_amd64.deb containing login, pre-dependency problem:
 login pre-depends on libpam0g (>= 0.99.7.1)
  libpam0g:amd64 is unpacked, but has never been configured.

dpkg: warning: ignoring pre-dependency problem!
dpkg: regarding .../login_1%3a4.13+dfsg1-1ubuntu1_amd64.deb containing login, pre-dependency problem:
 login pre-depends on libpam-runtime
  libpam-runtime is unpacked, but has never been configured.

dpkg: warning: ignoring pre-dependency problem!
dpkg: regarding .../login_1%3a4.13+dfsg1-1ubuntu1_amd64.deb containing login, pre-dependency problem:
 login pre-depends on libpam-modules
  libpam-modules:amd64 is unpacked, but has never been configured.

dpkg: warning: ignoring pre-dependency problem!
Preparing to unpack .../login_1%3a4.13+dfsg1-1ubuntu1_amd64.deb ...
Unpacking login (1:4.13+dfsg1-1ubuntu1) ...
Selecting previously unselected package logsave.
Preparing to unpack .../logsave_1.47.0-1ubuntu1_amd64.deb ...
Unpacking logsave (1.47.0-1ubuntu1) ...
Preparing to unpack .../mawk_1.3.4.20200120-3.1_amd64.deb ...
Unpacking mawk (1.3.4.20200120-3.1) over (1.3.4.20200120-3.1) ...
Selecting previously unselected package mount.
dpkg: regarding .../mount_2.38.1-4ubuntu1_amd64.deb containing mount, pre-dependency problem:
 mount pre-depends on libblkid1 (>= 2.17.2)
  libblkid1:amd64 is unpacked, but has never been configured.

dpkg: warning: ignoring pre-dependency problem!
dpkg: regarding .../mount_2.38.1-4ubuntu1_amd64.deb containing mount, pre-dependency problem:
 mount pre-depends on libmount1 (>= 2.38)
  libmount1:amd64 is unpacked, but has never been configured.

dpkg: warning: ignoring pre-dependency problem!
dpkg: regarding .../mount_2.38.1-4ubuntu1_amd64.deb containing mount, pre-dependency problem:
 mount pre-depends on libselinux1 (>= 3.1~)
  libselinux1:amd64 is unpacked, but has never been configured.

dpkg: warning: ignoring pre-dependency problem!
dpkg: regarding .../mount_2.38.1-4ubuntu1_amd64.deb containing mount, pre-dependency problem:
 mount pre-depends on libsmartcols1 (>= 2.33)
  libsmartcols1:amd64 is unpacked, but has never been configured.

dpkg: warning: ignoring pre-dependency problem!
Preparing to unpack .../mount_2.38.1-4ubuntu1_amd64.deb ...
Unpacking mount (2.38.1-4ubuntu1) ...
Selecting previously unselected package ncurses-base.
Preparing to unpack .../ncurses-base_6.4-2_all.deb ...
Unpacking ncurses-base (6.4-2) ...
Selecting previously unselected package ncurses-bin.
dpkg: regarding .../ncurses-bin_6.4-2_amd64.deb containing ncurses-bin, pre-dependency problem:
 ncurses-bin pre-depends on libtinfo6 (>= 6.3)
  libtinfo6:amd64 is unpacked, but has never been configured.

dpkg: warning: ignoring pre-dependency problem!
Preparing to unpack .../ncurses-bin_6.4-2_amd64.deb ...
Unpacking ncurses-bin (6.4-2) ...
Selecting previously unselected package passwd.
Preparing to unpack .../passwd_1%3a4.13+dfsg1-1ubuntu1_amd64.deb ...
Unpacking passwd (1:4.13+dfsg1-1ubuntu1) ...
dpkg: regarding .../perl-base_5.36.0-7_amd64.deb containing perl-base, pre-dependency problem:
 perl-base pre-depends on libcrypt1 (>= 1:4.1.0)
  libcrypt1:amd64 is unpacked, but has never been configured.

dpkg: warning: ignoring pre-dependency problem!
Preparing to unpack .../perl-base_5.36.0-7_amd64.deb ...
Unpacking perl-base (5.36.0-7) over (5.36.0-7) ...
Selecting previously unselected package procps.
Preparing to unpack .../procps_2%3a4.0.3-1ubuntu1_amd64.deb ...
Unpacking procps (2:4.0.3-1ubuntu1) ...
Selecting previously unselected package sed.
dpkg: regarding .../archives/sed_4.9-1_amd64.deb containing sed, pre-dependency problem:
 sed pre-depends on libacl1 (>= 2.2.23)
  libacl1:amd64 is unpacked, but has never been configured.

dpkg: warning: ignoring pre-dependency problem!
dpkg: regarding .../archives/sed_4.9-1_amd64.deb containing sed, pre-dependency problem:
 sed pre-depends on libselinux1 (>= 3.1~)
  libselinux1:amd64 is unpacked, but has never been configured.

dpkg: warning: ignoring pre-dependency problem!
Preparing to unpack .../archives/sed_4.9-1_amd64.deb ...
Unpacking sed (4.9-1) ...
Selecting previously unselected package sensible-utils.
Preparing to unpack .../sensible-utils_0.0.17+nmu1_all.deb ...
Unpacking sensible-utils (0.0.17+nmu1) ...
Selecting previously unselected package sysvinit-utils.
Preparing to unpack .../sysvinit-utils_3.06-2ubuntu1_amd64.deb ...
Unpacking sysvinit-utils (3.06-2ubuntu1) ...
Selecting previously unselected package tar.
dpkg: regarding .../tar_1.34+dfsg-1.2_amd64.deb containing tar, pre-dependency problem:
 tar pre-depends on libacl1 (>= 2.2.23)
  libacl1:amd64 is unpacked, but has never been configured.

dpkg: warning: ignoring pre-dependency problem!
dpkg: regarding .../tar_1.34+dfsg-1.2_amd64.deb containing tar, pre-dependency problem:
 tar pre-depends on libselinux1 (>= 3.1~)
  libselinux1:amd64 is unpacked, but has never been configured.

dpkg: warning: ignoring pre-dependency problem!
Preparing to unpack .../tar_1.34+dfsg-1.2_amd64.deb ...
Unpacking tar (1.34+dfsg-1.2) ...
Selecting previously unselected package usrmerge.
Preparing to unpack .../usrmerge_33ubuntu1_all.deb ...
Unpacking usrmerge (33ubuntu1) ...
Selecting previously unselected package util-linux.
dpkg: regarding .../util-linux_2.38.1-4ubuntu1_amd64.deb containing util-linux, pre-dependency problem:
 util-linux pre-depends on libblkid1 (>= 2.37.2)
  libblkid1:amd64 is unpacked, but has never been configured.

dpkg: warning: ignoring pre-dependency problem!
dpkg: regarding .../util-linux_2.38.1-4ubuntu1_amd64.deb containing util-linux, pre-dependency problem:
 util-linux pre-depends on libcap-ng0 (>= 0.7.9)
  libcap-ng0:amd64 is unpacked, but has never been configured.

dpkg: warning: ignoring pre-dependency problem!
dpkg: regarding .../util-linux_2.38.1-4ubuntu1_amd64.deb containing util-linux, pre-dependency problem:
 util-linux pre-depends on libcrypt1 (>= 1:4.1.0)
  libcrypt1:amd64 is unpacked, but has never been configured.

dpkg: warning: ignoring pre-dependency problem!
dpkg: regarding .../util-linux_2.38.1-4ubuntu1_amd64.deb containing util-linux, pre-dependency problem:
 util-linux pre-depends on libmount1 (>= 2.38)
  libmount1:amd64 is unpacked, but has never been configured.

dpkg: warning: ignoring pre-dependency problem!
dpkg: regarding .../util-linux_2.38.1-4ubuntu1_amd64.deb containing util-linux, pre-dependency problem:
 util-linux pre-depends on libpam0g (>= 0.99.7.1)
  libpam0g:amd64 is unpacked, but has never been configured.

dpkg: warning: ignoring pre-dependency problem!
dpkg: regarding .../util-linux_2.38.1-4ubuntu1_amd64.deb containing util-linux, pre-dependency problem:
 util-linux pre-depends on libselinux1 (>= 3.1~)
  libselinux1:amd64 is unpacked, but has never been configured.

dpkg: warning: ignoring pre-dependency problem!
dpkg: regarding .../util-linux_2.38.1-4ubuntu1_amd64.deb containing util-linux, pre-dependency problem:
 util-linux pre-depends on libsmartcols1 (>= 2.38)
  libsmartcols1:amd64 is unpacked, but has never been configured.

dpkg: warning: ignoring pre-dependency problem!
dpkg: regarding .../util-linux_2.38.1-4ubuntu1_amd64.deb containing util-linux, pre-dependency problem:
 util-linux pre-depends on libsystemd0
  libsystemd0:amd64 is unpacked, but has never been configured.

dpkg: warning: ignoring pre-dependency problem!
dpkg: regarding .../util-linux_2.38.1-4ubuntu1_amd64.deb containing util-linux, pre-dependency problem:
 util-linux pre-depends on libtinfo6 (>= 6)
  libtinfo6:amd64 is unpacked, but has never been configured.

dpkg: warning: ignoring pre-dependency problem!
dpkg: regarding .../util-linux_2.38.1-4ubuntu1_amd64.deb containing util-linux, pre-dependency problem:
 util-linux pre-depends on libudev1 (>= 183)
  libudev1:amd64 is unpacked, but has never been configured.

dpkg: warning: ignoring pre-dependency problem!
dpkg: regarding .../util-linux_2.38.1-4ubuntu1_amd64.deb containing util-linux, pre-dependency problem:
 util-linux pre-depends on libuuid1 (>= 2.16)
  libuuid1:amd64 is unpacked, but has never been configured.

dpkg: warning: ignoring pre-dependency problem!
dpkg: regarding .../util-linux_2.38.1-4ubuntu1_amd64.deb containing util-linux, pre-dependency problem:
 util-linux pre-depends on zlib1g (>= 1:1.1.4)
  zlib1g is not installed.

dpkg: warning: ignoring pre-dependency problem!
Preparing to unpack .../util-linux_2.38.1-4ubuntu1_amd64.deb ...
Unpacking util-linux (2.38.1-4ubuntu1) ...
Selecting previously unselected package util-linux-extra.
Preparing to unpack .../util-linux-extra_2.38.1-4ubuntu1_amd64.deb ...
Unpacking util-linux-extra (2.38.1-4ubuntu1) ...
Selecting previously unselected package zlib1g:amd64.
Preparing to unpack .../zlib1g_1%3a1.2.13.dfsg-1ubuntu4_amd64.deb ...
Unpacking zlib1g:amd64 (1:1.2.13.dfsg-1ubuntu4) ...
Setting up libaudit-common (1:3.0.9-1) ...
Setting up libsemanage-common (3.4-1build4) ...
Setting up debconf (1.5.82) ...
Setting up ncurses-base (6.4-2) ...
Setting up gcc-13-base:amd64 (13-20230320-1ubuntu1) ...
Setting up sensible-utils (0.0.17+nmu1) ...
Setting up libcrypt1:amd64 (1:4.4.33-2) ...
Setting up libgcc-s1:amd64 (13-20230320-1ubuntu1) ...
Setting up libc6:amd64 (2.37-0ubuntu2) ...
/var/lib/dpkg/info/libc6:amd64.postinst: 52: which: not found
Setting up libudev1:amd64 (252.5-2ubuntu3) ...
Setting up libmd0:amd64 (1.0.4-2) ...
Setting up libattr1:amd64 (1:2.5.1-4) ...
Setting up sysvinit-utils (3.06-2ubuntu1) ...
Setting up debianutils (5.7-0.4) ...
update-alternatives: using /usr/bin/which.debianutils to provide /usr/bin/which (which) in auto mode
Setting up mawk (1.3.4.20200120-3.1) ...
Setting up libdebconfclient0:amd64 (0.267ubuntu1) ...
Setting up base-files (12.3ubuntu2) ...
Setting up libbz2-1.0:amd64 (1.0.8-5build1) ...
Setting up libdb5.3:amd64 (5.3.28+dfsg2-1) ...
Setting up libblkid1:amd64 (2.38.1-4ubuntu1) ...
Setting up libtinfo6:amd64 (6.4-2) ...
Setting up bash (5.2.15-2ubuntu1) ...
update-alternatives: using /usr/share/man/man7/bash-builtins.7.gz to provide /usr/share/man/man7/builtins.7.gz (builtins.7.gz) in auto mode
Setting up libzstd1:amd64 (1.5.4+dfsg2-4) ...
Setting up liblzma5:amd64 (5.4.1-0.2) ...
Setting up libgpg-error0:amd64 (1.46-1) ...
Setting up liblz4-1:amd64 (1.9.4-1) ...
Setting up libc-bin (2.37-0ubuntu2) ...
Setting up ncurses-bin (6.4-2) ...
Setting up libacl1:amd64 (2.3.1-3) ...
Setting up libsmartcols1:amd64 (2.38.1-4ubuntu1) ...
Setting up libgcrypt20:amd64 (1.10.1-3ubuntu1) ...
Setting up zlib1g:amd64 (1:1.2.13.dfsg-1ubuntu4) ...
Setting up libcom-err2:amd64 (1.47.0-1ubuntu1) ...
Setting up diffutils (1:3.8-4) ...
Setting up libcap2:amd64 (1:2.66-3ubuntu2) ...
Setting up hostname (3.23+nmu1ubuntu1) ...
Setting up libcap-ng0:amd64 (0.8.3-1build2) ...
Setting up libext2fs2:amd64 (1.47.0-1ubuntu1) ...
Setting up libgmp10:amd64 (2:6.2.1+dfsg1-1.1ubuntu1) ...
Setting up libaudit1:amd64 (1:3.0.9-1) ...
Setting up libuuid1:amd64 (2.38.1-4ubuntu1) ...
Setting up libss2:amd64 (1.47.0-1ubuntu1) ...
Setting up libsepol2:amd64 (3.4-2) ...
Setting up libpcre2-8-0:amd64 (10.42-1) ...
Setting up libncursesw6:amd64 (6.4-2) ...
Setting up logsave (1.47.0-1ubuntu1) ...
Setting up util-linux-extra (2.38.1-4ubuntu1) ...
Setting up e2fsprogs (1.47.0-1ubuntu1) ...
Setting up libsystemd0:amd64 (252.5-2ubuntu3) ...
Setting up libselinux1:amd64 (3.4-1build4) ...
Setting up libpam0g:amd64 (1.5.2-5ubuntu1) ...
Setting up sed (4.9-1) ...
Setting up libproc2-0:amd64 (2:4.0.3-1ubuntu1) ...
Setting up findutils (4.9.0-3ubuntu1) ...
Setting up libmount1:amd64 (2.38.1-4ubuntu1) ...
Setting up libsemanage2:amd64 (3.4-1build4) ...
Setting up base-passwd (3.6.1) ...
Setting up bsdutils (1:2.38.1-4ubuntu1) ...
Setting up tar (1.34+dfsg-1.2) ...
update-alternatives: using /usr/sbin/rmt-tar to provide /usr/sbin/rmt (rmt) in auto mode
Setting up libpam-modules-bin (1.5.2-5ubuntu1) ...
Setting up coreutils (9.1-1ubuntu2) ...
Setting up util-linux (2.38.1-4ubuntu1) ...
update-alternatives: using /bin/more to provide /usr/bin/pager (pager) in auto mode
Setting up dpkg (1.21.21ubuntu1) ...
Setting up mount (2.38.1-4ubuntu1) ...
Setting up dash (0.5.12-2ubuntu1) ...
No diversion 'diversion of /bin/sh by bash', none removed.
Adding 'diversion of /bin/sh to /bin/sh.distrib by dash'
No diversion 'diversion of /usr/share/man/man1/sh.1.gz by bash', none removed.
Adding 'diversion of /usr/share/man/man1/sh.1.gz to /usr/share/man/man1/sh.distrib.1.gz by dash'
Setting up libpam-modules:amd64 (1.5.2-5ubuntu1) ...
Setting up grep (3.8-5) ...
Setting up perl-base (5.36.0-7) ...
Setting up gzip (1.12-1ubuntu1) ...
Setting up usrmerge (33ubuntu1) ...
Setting up passwd (1:4.13+dfsg1-1ubuntu1) ...
Shadow passwords are now on.
Setting up libpam-runtime (1.5.2-5ubuntu1) ...
Setting up login (1:4.13+dfsg1-1ubuntu1) ...
Setting up init-system-helpers (1.65.2) ...
Setting up procps (2:4.0.3-1ubuntu1) ...
Processing triggers for libc-bin (2.37-0ubuntu2) ...
(Reading database ... 3960 files and directories currently installed.)
Preparing to unpack .../archives/apt_2.6.0_amd64.deb ...
Unpacking apt (2.6.0) ...
Preparing to unpack .../gpgv_2.2.40-1.1ubuntu1_amd64.deb ...
Unpacking gpgv (2.2.40-1.1ubuntu1) ...
Preparing to unpack .../libapt-pkg6.0_2.6.0_amd64.deb ...
Unpacking libapt-pkg6.0:amd64 (2.6.0) ...
Preparing to unpack .../libffi8_3.4.4-1_amd64.deb ...
Unpacking libffi8:amd64 (3.4.4-1) ...
Preparing to unpack .../libgnutls30_3.7.8-5ubuntu1_amd64.deb ...
Unpacking libgnutls30:amd64 (3.7.8-5ubuntu1) ...
Preparing to unpack .../libhogweed6_3.8.1-2_amd64.deb ...
Unpacking libhogweed6:amd64 (3.8.1-2) ...
Preparing to unpack .../libidn2-0_2.3.3-1build1_amd64.deb ...
Unpacking libidn2-0:amd64 (2.3.3-1build1) ...
Preparing to unpack .../libnettle8_3.8.1-2_amd64.deb ...
Unpacking libnettle8:amd64 (3.8.1-2) ...
Preparing to unpack .../libp11-kit0_0.24.1-2ubuntu1_amd64.deb ...
Unpacking libp11-kit0:amd64 (0.24.1-2ubuntu1) ...
Preparing to unpack .../libseccomp2_2.5.4-1ubuntu3_amd64.deb ...
Unpacking libseccomp2:amd64 (2.5.4-1ubuntu3) ...
Preparing to unpack .../libstdc++6_13-20230320-1ubuntu1_amd64.deb ...
Unpacking libstdc++6:amd64 (13-20230320-1ubuntu1) ...
Preparing to unpack .../libtasn1-6_4.19.0-2_amd64.deb ...
Unpacking libtasn1-6:amd64 (4.19.0-2) ...
Preparing to unpack .../libunistring2_1.0-2_amd64.deb ...
Unpacking libunistring2:amd64 (1.0-2) ...
Preparing to unpack .../libxxhash0_0.8.1-1_amd64.deb ...
Unpacking libxxhash0:amd64 (0.8.1-1) ...
Preparing to unpack .../ubuntu-keyring_2021.03.26_all.deb ...
Unpacking ubuntu-keyring (2021.03.26) ...
Processing triggers for libc-bin (2.37-0ubuntu2) ...
Setting up libunistring2:amd64 (1.0-2) ...
Setting up libidn2-0:amd64 (2.3.3-1build1) ...
Setting up ubuntu-keyring (2021.03.26) ...
Setting up libseccomp2:amd64 (2.5.4-1ubuntu3) ...
Setting up libnettle8:amd64 (3.8.1-2) ...
Setting up libffi8:amd64 (3.4.4-1) ...
Setting up gpgv (2.2.40-1.1ubuntu1) ...
Setting up libxxhash0:amd64 (0.8.1-1) ...
Setting up libtasn1-6:amd64 (4.19.0-2) ...
Setting up libstdc++6:amd64 (13-20230320-1ubuntu1) ...
Setting up libhogweed6:amd64 (3.8.1-2) ...
Setting up libapt-pkg6.0:amd64 (2.6.0) ...
Setting up libp11-kit0:amd64 (0.24.1-2ubuntu1) ...
Setting up libgnutls30:amd64 (3.7.8-5ubuntu1) ...
Setting up apt (2.6.0) ...
Processing triggers for libc-bin (2.37-0ubuntu2) ...
